<?xml version="1.0" encoding="UTF-8"?>
<testsuite name="EvaluatorTest" time="0.031" tests="7" errors="0" skipped="0" failures="0">
  <properties>
[...]
</properties>
  <testcase name="testEvaluator[0]" classname="EvaluatorTest" time="0.016"/>
  <testcase name="testEvaluator[1]" classname="EvaluatorTest" time="0"/>
  <testcase name="testEvaluator[2]" classname="EvaluatorTest" time="0"/>
  <testcase name="testEvaluator[3]" classname="EvaluatorTest" time="0"/>
  <testcase name="testEvaluator[4]" classname="EvaluatorTest" time="0"/>
  <testcase name="testEvaluator[5]" classname="EvaluatorTest" time="0.015"/>
  <testcase name="testEvaluator[6]" classname="EvaluatorTest" time="0"/>
</testsuite>